KinectWrapper.obj : error LNK2019: unresolved external symbol "void __cdecl cv::fastFree(void *)" (?fastFree@cv@@YAXPAX@Z) referenced in function "public: __thiscall cv::Mat::~Mat(void)" (??1Mat@cv@@QAE@XZ)
Obt.obj : error LNK2001: unresolved external symbol "void __cdecl cv::fastFree(void *)" (?fastFree@cv@@YAXPAX@Z)
KinectWrapper.obj : error LNK2019: unresolved external symbol "private: char * __thiscall cv::String::allocate(unsigned int)" (?allocate@String@cv@@AAEPADI@Z) referenced in function "public: __thiscall cv::String::String(char const *)" (??0String@cv@@QAE@PBD@Z)
Obt.obj : error LNK2001: unresolved external symbol "private: char * __thiscall cv::String::allocate(unsigned int)" (?allocate@String@cv@@AAEPADI@Z)
KinectWrapper.obj : error LNK2019: unresolved external symbol "private: void __thiscall cv::String::deallocate(void)" (?deallocate@String@cv@@AAEXXZ) referenced in function "public: __thiscall cv::String::~String(void)" (??1String@cv@@QAE@XZ)
main.obj : error LNK2001: unresolved external symbol "private: void __thiscall cv::String::deallocate(void)" (?deallocate@String@cv@@AAEXXZ)
Obt.obj : error LNK2001: unresolved external symbol "private: void __thiscall cv::String::deallocate(void)" (?deallocate@String@cv@@AAEXXZ)
KinectWrapper.obj : error LNK2019: unresolved external symbol "void __cdecl cv::error(int,class cv::String const &,char const *,char const *,int)" (?error@cv@@YAXHABVString@1@PBD1H@Z) referenced in function "public: unsigned char * __thiscall cv::Mat::ptr<unsigned char>(int)" (??$ptr@E@Mat@cv@@QAEPAEH@Z)
Obt.obj : error LNK2001: unresolved external symbol "void __cdecl cv::error(int,class cv::String const &,char const *,char const *,int)" (?error@cv@@YAXHABVString@1@PBD1H@Z)
KinectWrapper.obj : error LNK2019: unresolved external symbol "public: void __thiscall cv::Mat::copyTo(class cv::debug_build_guard::_OutputArray const &)const " (?copyTo@Mat@cv@@QBEXABV_OutputArray@debug_build_guard@2@@Z) referenced in function "public: class cv::Mat __thiscall cv::Mat::clone(void)const " (?clone@Mat@cv@@QBE?AV12@XZ)
Obt.obj : error LNK2001: unresolved external symbol "public: void __thiscall cv::Mat::copyTo(class cv::debug_build_guard::_OutputArray const &)const " (?copyTo@Mat@cv@@QBEXABV_OutputArray@debug_build_guard@2@@Z)
KinectWrapper.obj : error LNK2019: unresolved external symbol "public: void __thiscall cv::Mat::create(int,int const *,int)" (?create@Mat@cv@@QAEXHPBHH@Z) referenced in function "public: void __thiscall cv::Mat::create(int,int,int)" (?create@Mat@cv@@QAEXHHH@Z)
Obt.obj : error LNK2001: unresolved external symbol "public: void __thiscall cv::Mat::create(int,int const *,int)" (?create@Mat@cv@@QAEXHPBHH@Z)
KinectWrapper.obj : error LNK2019: unresolved external symbol "public: void __thiscall cv::Mat::deallocate(void)" (?deallocate@Mat@cv@@QAEXXZ) referenced in function "public: void __thiscall cv::Mat::release(void)" (?release@Mat@cv@@QAEXXZ)
Obt.obj : error LNK2001: unresolved external symbol "public: void __thiscall cv::Mat::deallocate(void)" (?deallocate@Mat@cv@@QAEXXZ)
KinectWrapper.obj : error LNK2019: unresolved external symbol "void __cdecl cv::imshow(class cv::String const &,class cv::debug_build_guard::_InputArray const &)" (?imshow@cv@@YAXABVString@1@ABV_InputArray@debug_build_guard@1@@Z) referenced in function "public: void __thiscall KinectWrapper::toRGBX(unsigned short const *,int,int,unsigned short,unsigned short)" (?toRGBX@KinectWrapper@@QAEXPBGHHGG@Z)
Obt.obj : error LNK2001: unresolved external symbol "void __cdecl cv::imshow(class cv::String const &,class cv::debug_build_guard::_InputArray const &)" (?imshow@cv@@YAXABVString@1@ABV_InputArray@debug_build_guard@1@@Z)
Obt.obj : error LNK2019: unresolved external symbol "class cv::debug_build_guard::_InputOutputArray const & __cdecl cv::noArray(void)" (?noArray@cv@@YAABV_InputOutputArray@debug_build_guard@1@XZ) referenced in function __catch$?subtract@Obt@@QAEXXZ$0
Obt.obj : error LNK2019: unresolved external symbol "public: __thiscall cv::Mat::Mat(class cv::Mat const &,class cv::Rect_<int> const &)" (??0Mat@cv@@QAE@ABV01@ABV?$Rect_@H@1@@Z) referenced in function "public: class cv::Mat __thiscall cv::Mat::operator()(class cv::Rect_<int> const &)const " (??RMat@cv@@QBE?AV01@ABV?$Rect_@H@1@@Z)
Obt.obj : error LNK2019: unresolved external symbol "public: void __thiscall cv::Mat::copySize(class cv::Mat const &)" (?copySize@Mat@cv@@QAEXABV12@@Z) referenced in function "public: __thiscall cv::Mat::Mat(class cv::Mat const &)" (??0Mat@cv@@QAE@ABV01@@Z)
Obt.obj : error LNK2019: unresolved external symbol "public: void __thiscall cv::Mat::updateContinuityFlag(void)" (?updateContinuityFlag@Mat@cv@@QAEXXZ) referenced in function "public: __thiscall cv::Mat::Mat(int,int,int,void *,unsigned int)" (??0Mat@cv@@QAE@HHHPAXI@Z)
Obt.obj : error LNK2019: unresolved external symbol "void __cdecl cv::subtract(class cv::debug_build_guard::_InputArray const &,class cv::debug_build_guard::_InputArray const &,class cv::debug_build_guard::_OutputArray const &,class cv::debug_build_guard::_InputArray const &,int)" (?subtract@cv@@YAXABV_InputArray@debug_build_guard@1@0ABV_OutputArray@31@0H@Z) referenced in function __catch$?subtract@Obt@@QAEXXZ$0
Obt.obj : error LNK2019: unresolved external symbol "class cv::Mat __cdecl cv::imread(class cv::String const &,int)" (?imread@cv@@YA?AVMat@1@ABVString@1@H@Z) referenced in function "public: void __thiscall Obt::subtract(void)" (?subtract@Obt@@QAEXXZ)
Obt.obj : error LNK2019: unresolved external symbol "bool __cdecl cv::imwrite(class cv::String const &,class cv::debug_build_guard::_InputArray const &,class std::vector<int,class std::allocator<int> > const &)" (?imwrite@cv@@YA_NABVString@1@ABV_InputArray@debug_build_guard@1@ABV?$vector@HV?$allocator@H@std@@@std@@@Z) referenced in function "public: void __thiscall Obt::background(void)" (?background@Obt@@QAEXXZ)
Obt.obj : error LNK2019: unresolved external symbol "int __cdecl cv::waitKey(int)" (?waitKey@cv@@YAHH@Z) referenced in function "public: void __thiscall Obt::stream(void)" (?stream@Obt@@QAEXXZ)
Obt.obj : error LNK2019: unresolved external symbol "void __cdecl cv::blur(class cv::debug_build_guard::_InputArray const &,class cv::debug_build_guard::_OutputArray const &,class cv::Size_<int>,class cv::Point_<int>,int)" (?blur@cv@@YAXABV_InputArray@debug_build_guard@1@ABV_OutputArray@31@V?$Size_@H@1@V?$Point_@H@1@H@Z) referenced in function __catch$?subtract@Obt@@QAEXXZ$0
Obt.obj : error LNK2019: unresolved external symbol "double __cdecl cv::threshold(class cv::debug_build_guard::_InputArray const &,class cv::debug_build_guard::_OutputArray const &,double,double,int)" (?threshold@cv@@YANABV_InputArray@debug_build_guard@1@ABV_OutputArray@31@NNH@Z) referenced in function __catch$?subtract@Obt@@QAEXXZ$0
Obt.obj : error LNK2019: unresolved external symbol "void __cdecl cv::cvtColor(class cv::debug_build_guard::_InputArray const &,class cv::debug_build_guard::_OutputArray const &,int,int)" (?cvtColor@cv@@YAXABV_InputArray@debug_build_guard@1@ABV_OutputArray@31@HH@Z) referenced in function __catch$?subtract@Obt@@QAEXXZ$0
Obt.obj : error LNK2019: unresolved external symbol "void __cdecl cv::findContours(class cv::debug_build_guard::_InputOutputArray const &,class cv::debug_build_guard::_OutputArray const &,class cv::debug_build_guard::_OutputArray const &,int,int,class cv::Point_<int>)" (?findContours@cv@@YAXABV_InputOutputArray@debug_build_guard@1@ABV_OutputArray@31@1HHV?$Point_@H@1@@Z) referenced in function __catch$?subtract@Obt@@QAEXXZ$0
Obt.obj : error LNK2019: unresolved external symbol "void __cdecl cv::approxPolyDP(class cv::debug_build_guard::_InputArray const &,class cv::debug_build_guard::_OutputArray const &,double,bool)" (?approxPolyDP@cv@@YAXABV_InputArray@debug_build_guard@1@ABV_OutputArray@31@N_N@Z) referenced in function __catch$?subtract@Obt@@QAEXXZ$0
Obt.obj : error LNK2019: unresolved external symbol "class cv::Rect_<int> __cdecl cv::boundingRect(class cv::debug_build_guard::_InputArray const &)" (?boundingRect@cv@@YA?AV?$Rect_@H@1@ABV_InputArray@debug_build_guard@1@@Z) referenced in function __catch$?subtract@Obt@@QAEXXZ$0
Obt.obj : error LNK2019: unresolved external symbol "void __cdecl cv::minEnclosingCircle(class cv::debug_build_guard::_InputArray const &,class cv::Point_<float> &,float &)" (?minEnclosingCircle@cv@@YAXABV_InputArray@debug_build_guard@1@AAV?$Point_@M@1@AAM@Z) referenced in function __catch$?subtract@Obt@@QAEXXZ$0
Obt.obj : error LNK2019: unresolved external symbol "void __cdecl cv::circle(class cv::debug_build_guard::_InputOutputArray const &,class cv::Point_<int>,int,class cv::Scalar_<double> const &,int,int,int)" (?circle@cv@@YAXABV_InputOutputArray@debug_build_guard@1@V?$Point_@H@1@HABV?$Scalar_@N@1@HHH@Z) referenced in function __catch$?subtract@Obt@@QAEXXZ$0
C:\Users\farrowlab\source\repos\obt\Debug\obt.exe : fatal error LNK1120: 24 unresolved externals
